  winx11.c
  wintime.c
  winstore.c
c:\putty-0.63-dev\windows\winstore.c(335): warning C4996: 'strcpy': This function or variable may be unsafe. Consider using strcpy_s instead. To disable deprecation, use _CRT_SECURE_NO_WARNINGS. See online help for details.
          c:\program files\microsoft visual studio 11.0\vc\include\string.h(110) : see declaration of 'strcpy'
c:\putty-0.63-dev\windows\winstore.c(336): warning C4996: 'strcat': This function or variable may be unsafe. Consider using strcat_s instead. To disable deprecation, use _CRT_SECURE_NO_WARNINGS. See online help for details.
          c:\program files\microsoft visual studio 11.0\vc\include\string.h(115) : see declaration of 'strcat'
c:\putty-0.63-dev\windows\winstore.c(338): warning C4996: 'sprintf': This function or variable may be unsafe. Consider using sprintf_s instead. To disable deprecation, use _CRT_SECURE_NO_WARNINGS. See online help for details.
          c:\program files\microsoft visual studio 11.0\vc\include\stdio.h(357) : see declaration of 'sprintf'
c:\putty-0.63-dev\windows\winstore.c(553): warning C4996: 'strcat': This function or variable may be unsafe. Consider using strcat_s instead. To disable deprecation, use _CRT_SECURE_NO_WARNINGS. See online help for details.
          c:\program files\microsoft visual studio 11.0\vc\include\string.h(115) : see declaration of 'strcat'
c:\putty-0.63-dev\windows\winstore.c(560): warning C4996: 'strcat': This function or variable may be unsafe. Consider using strcat_s instead. To disable deprecation, use _CRT_SECURE_NO_WARNINGS. See online help for details.
          c:\program files\microsoft visual studio 11.0\vc\include\string.h(115) : see declaration of 'strcat'
c:\putty-0.63-dev\windows\winstore.c(580): warning C4996: 'strcat': This function or variable may be unsafe. Consider using strcat_s instead. To disable deprecation, use _CRT_SECURE_NO_WARNINGS. See online help for details.
          c:\program files\microsoft visual studio 11.0\vc\include\string.h(115) : see declaration of 'strcat'
c:\putty-0.63-dev\windows\winstore.c(590): warning C4996: 'strcat': This function or variable may be unsafe. Consider using strcat_s instead. To disable deprecation, use _CRT_SECURE_NO_WARNINGS. See online help for details.
          c:\program files\microsoft visual studio 11.0\vc\include\string.h(115) : see declaration of 'strcat'
c:\putty-0.63-dev\windows\winstore.c(720): warning C4996: 'strcpy': This function or variable may be unsafe. Consider using strcpy_s instead. To disable deprecation, use _CRT_SECURE_NO_WARNINGS. See online help for details.
          c:\program files\microsoft visual studio 11.0\vc\include\string.h(110) : see declaration of 'strcpy'
c:\putty-0.63-dev\windows\winstore.c(731): warning C4996: 'strcpy': This function or variable may be unsafe. Consider using strcpy_s instead. To disable deprecation, use _CRT_SECURE_NO_WARNINGS. See online help for details.
          c:\program files\microsoft visual studio 11.0\vc\include\string.h(110) : see declaration of 'strcpy'
  winser.c
  winproxy.c
  winplink.c
c:\putty-0.63-dev\windows\winplink.c(330): warning C4996: 'getenv': This function or variable may be unsafe. Consider using _dupenv_s instead. To disable deprecation, use _CRT_SECURE_NO_WARNINGS. See online help for details.
          c:\program files\microsoft visual studio 11.0\vc\include\stdlib.h(449) : see declaration of 'getenv'
  winpgntc.c
  winnoise.c
c:\putty-0.63-dev\windows\winnoise.c(35): warning C4996: 'strcat': This function or variable may be unsafe. Consider using strcat_s instead. To disable deprecation, use _CRT_SECURE_NO_WARNINGS. See online help for details.
          c:\program files\microsoft visual studio 11.0\vc\include\string.h(115) : see declaration of 'strcat'
  winnet.c
c:\putty-0.63-dev\windows\winnet.c(467): warning C4996: 'strcpy': This function or variable may be unsafe. Consider using strcpy_s instead. To disable deprecation, use _CRT_SECURE_NO_WARNINGS. See online help for details.
          c:\program files\microsoft visual studio 11.0\vc\include\string.h(110) : see declaration of 'strcpy'
c:\putty-0.63-dev\windows\winnet.c(475): warning C4996: 'sprintf': This function or variable may be unsafe. Consider using sprintf_s instead. To disable deprecation, use _CRT_SECURE_NO_WARNINGS. See online help for details.
          c:\program files\microsoft visual studio 11.0\vc\include\stdio.h(357) : see declaration of 'sprintf'
c:\putty-0.63-dev\windows\winnet.c(568): warning C4996: 'strncpy': This function or variable may be unsafe. Consider using strncpy_s instead. To disable deprecation, use _CRT_SECURE_NO_WARNINGS. See online help for details.
          c:\program files\microsoft visual studio 11.0\vc\include\string.h(191) : see declaration of 'strncpy'
c:\putty-0.63-dev\windows\winnet.c(570): warning C4996: 'strncpy': This function or variable may be unsafe. Consider using strncpy_s instead. To disable deprecation, use _CRT_SECURE_NO_WARNINGS. See online help for details.
          c:\program files\microsoft visual studio 11.0\vc\include\string.h(191) : see declaration of 'strncpy'
c:\putty-0.63-dev\windows\winnet.c(586): warning C4996: 'strncpy': This function or variable may be unsafe. Consider using strncpy_s instead. To disable deprecation, use _CRT_SECURE_NO_WARNINGS. See online help for details.
          c:\program files\microsoft visual studio 11.0\vc\include\string.h(191) : see declaration of 'strncpy'
c:\putty-0.63-dev\windows\winnet.c(598): warning C4996: 'strncpy': This function or variable may be unsafe. Consider using strncpy_s instead. To disable deprecation, use _CRT_SECURE_NO_WARNINGS. See online help for details.
          c:\program files\microsoft visual studio 11.0\vc\include\string.h(191) : see declaration of 'strncpy'
c:\putty-0.63-dev\windows\winnet.c(602): warning C4996: 'strcpy': This function or variable may be unsafe. Consider using strcpy_s instead. To disable deprecation, use _CRT_SECURE_NO_WARNINGS. See online help for details.
          c:\program files\microsoft visual studio 11.0\vc\include\string.h(110) : see declaration of 'strcpy'
c:\putty-0.63-dev\windows\winnet.c(617): warning C4996: 'strncpy': This function or variable may be unsafe. Consider using strncpy_s instead. To disable deprecation, use _CRT_SECURE_NO_WARNINGS. See online help for details.
          c:\program files\microsoft visual studio 11.0\vc\include\string.h(191) : see declaration of 'strncpy'
c:\putty-0.63-dev\windows\winnet.c(656): warning C4996: 'strncpy': This function or variable may be unsafe. Consider using strncpy_s instead. To disable deprecation, use _CRT_SECURE_NO_WARNINGS. See online help for details.
          c:\program files\microsoft visual studio 11.0\vc\include\string.h(191) : see declaration of 'strncpy'
c:\putty-0.63-dev\windows\winnet.c(658): warning C4996: 'strncpy': This function or variable may be unsafe. Consider using strncpy_s instead. To disable deprecation, use _CRT_SECURE_NO_WARNINGS. See online help for details.
          c:\program files\microsoft visual studio 11.0\vc\include\string.h(191) : see declaration of 'strncpy'
c:\putty-0.63-dev\windows\winnet.c(667): warning C4996: 'strncpy': This function or variable may be unsafe. Consider using strncpy_s instead. To disable deprecation, use _CRT_SECURE_NO_WARNINGS. See online help for details.
          c:\program files\microsoft visual studio 11.0\vc\include\string.h(191) : see declaration of 'strncpy'
c:\putty-0.63-dev\windows\winnet.c(670): warning C4996: 'strncpy': This function or variable may be unsafe. Consider using strncpy_s instead. To disable deprecation, use _CRT_SECURE_NO_WARNINGS. See online help for details.
          c:\program files\microsoft visual studio 11.0\vc\include\string.h(191) : see declaration of 'strncpy'
  winmisc.c
c:\putty-0.63-dev\windows\winmisc.c(14): warning C4996: 'getenv': This function or variable may be unsafe. Consider using _dupenv_s instead. To disable deprecation, use _CRT_SECURE_NO_WARNINGS. See online help for details.
          c:\program files\microsoft visual studio 11.0\vc\include\stdlib.h(449) : see declaration of 'getenv'
c:\putty-0.63-dev\windows\winmisc.c(55): warning C4996: 'strcpy': This function or variable may be unsafe. Consider using strcpy_s instead. To disable deprecation, use _CRT_SECURE_NO_WARNINGS. See online help for details.
          c:\program files\microsoft visual studio 11.0\vc\include\string.h(110) : see declaration of 'strcpy'
c:\putty-0.63-dev\windows\winmisc.c(226): warning C4996: 'sprintf': This function or variable may be unsafe. Consider using sprintf_s instead. To disable deprecation, use _CRT_SECURE_NO_WARNINGS. See online help for details.
          c:\program files\microsoft visual studio 11.0\vc\include\stdio.h(357) : see declaration of 'sprintf'
c:\putty-0.63-dev\windows\winmisc.c(511): warning C4996: 'strcpy': This function or variable may be unsafe. Consider using strcpy_s instead. To disable deprecation, use _CRT_SECURE_NO_WARNINGS. See online help for details.
          c:\program files\microsoft visual studio 11.0\vc\include\string.h(110) : see declaration of 'strcpy'
  winhandl.c
  wingss.c
c:\putty-0.63-dev\windows\wingss.c(95): warning C4996: 'strcat': This function or variable may be unsafe. Consider using strcat_s instead. To disable deprecation, use _CRT_SECURE_NO_WARNINGS. See online help for details.
          c:\program files\microsoft visual studio 11.0\vc\include\string.h(115) : see declaration of 'strcat'
  windefs.c
  wincons.c
  x11fwd.c
c:\putty-0.63-dev\x11fwd.c(244): warning C4996: 'sprintf': This function or variable may be unsafe. Consider using sprintf_s instead. To disable deprecation, use _CRT_SECURE_NO_WARNINGS. See online help for details.
          c:\program files\microsoft visual studio 11.0\vc\include\stdio.h(357) : see declaration of 'sprintf'
c:\putty-0.63-dev\x11fwd.c(315): warning C4244: 'function' : conversion from 'time_t' to 'int', possible loss of data
c:\putty-0.63-dev\x11fwd.c(372): warning C4996: 'fopen': This function or variable may be unsafe. Consider using fopen_s instead. To disable deprecation, use _CRT_SECURE_NO_WARNINGS. See online help for details.
          c:\program files\microsoft visual studio 11.0\vc\include\stdio.h(218) : see declaration of 'fopen'
c:\putty-0.63-dev\x11fwd.c(609): warning C4996: 'sscanf': This function or variable may be unsafe. Consider using sscanf_s instead. To disable deprecation, use _CRT_SECURE_NO_WARNINGS. See online help for details.
          c:\program files\microsoft visual studio 11.0\vc\include\stdio.h(311) : see declaration of 'sscanf'
  wildcard.c
  timing.c
  telnet.c
c:\putty-0.63-dev\telnet.c(382): warning C4996: 'strcpy': This function or variable may be unsafe. Consider using strcpy_s instead. To disable deprecation, use _CRT_SECURE_NO_WARNINGS. See online help for details.
          c:\program files\microsoft visual studio 11.0\vc\include\string.h(110) : see declaration of 'strcpy'
  sshrand.c
  sshpubk.c
c:\putty-0.63-dev\sshpubk.c(166): warning C4996: 'fopen': This function or variable may be unsafe. Consider using fopen_s instead. To disable deprecation, use _CRT_SECURE_NO_WARNINGS. See online help for details.
          c:\program files\microsoft visual studio 11.0\vc\include\stdio.h(218) : see declaration of 'fopen'
c:\putty-0.63-dev\sshpubk.c(207): warning C4996: 'fopen': This function or variable may be unsafe. Consider using fopen_s instead. To disable deprecation, use _CRT_SECURE_NO_WARNINGS. See online help for details.
          c:\program files\microsoft visual studio 11.0\vc\include\stdio.h(218) : see declaration of 'fopen'
c:\putty-0.63-dev\sshpubk.c(245): warning C4996: 'fopen': This function or variable may be unsafe. Consider using fopen_s instead. To disable deprecation, use _CRT_SECURE_NO_WARNINGS. See online help for details.
          c:\program files\microsoft visual studio 11.0\vc\include\stdio.h(218) : see declaration of 'fopen'
c:\putty-0.63-dev\sshpubk.c(368): warning C4996: 'fopen': This function or variable may be unsafe. Consider using fopen_s instead. To disable deprecation, use _CRT_SECURE_NO_WARNINGS. See online help for details.
          c:\program files\microsoft visual studio 11.0\vc\include\stdio.h(218) : see declaration of 'fopen'
c:\putty-0.63-dev\sshpubk.c(636): warning C4996: 'fopen': This function or variable may be unsafe. Consider using fopen_s instead. To disable deprecation, use _CRT_SECURE_NO_WARNINGS. See online help for details.
          c:\program files\microsoft visual studio 11.0\vc\include\stdio.h(218) : see declaration of 'fopen'
c:\putty-0.63-dev\sshpubk.c(814): warning C4996: 'sprintf': This function or variable may be unsafe. Consider using sprintf_s instead. To disable deprecation, use _CRT_SECURE_NO_WARNINGS. See online help for details.
          c:\program files\microsoft visual studio 11.0\vc\include\stdio.h(357) : see declaration of 'sprintf'
c:\putty-0.63-dev\sshpubk.c(889): warning C4996: 'fopen': This function or variable may be unsafe. Consider using fopen_s instead. To disable deprecation, use _CRT_SECURE_NO_WARNINGS. See online help for details.
          c:\program files\microsoft visual studio 11.0\vc\include\stdio.h(218) : see declaration of 'fopen'
c:\putty-0.63-dev\sshpubk.c(973): warning C4996: 'fopen': This function or variable may be unsafe. Consider using fopen_s instead. To disable deprecation, use _CRT_SECURE_NO_WARNINGS. See online help for details.
          c:\program files\microsoft visual studio 11.0\vc\include\stdio.h(218) : see declaration of 'fopen'
c:\putty-0.63-dev\sshpubk.c(1156): warning C4996: 'fopen': This function or variable may be unsafe. Consider using fopen_s instead. To disable deprecation, use _CRT_SECURE_NO_WARNINGS. See online help for details.
          c:\program files\microsoft visual studio 11.0\vc\include\stdio.h(218) : see declaration of 'fopen'
c:\putty-0.63-dev\sshpubk.c(1192): warning C4996: 'fopen': This function or variable may be unsafe. Consider using fopen_s instead. To disable deprecation, use _CRT_SECURE_NO_WARNINGS. See online help for details.
          c:\program files\microsoft visual studio 11.0\vc\include\stdio.h(218) : see declaration of 'fopen'
  Generating Code...
  Compiling...
  sshgssc.c
  settings.c
c:\putty-0.63-dev\settings.c(398): warning C4996: 'sprintf': This function or variable may be unsafe. Consider using sprintf_s instead. To disable deprecation, use _CRT_SECURE_NO_WARNINGS. See online help for details.
          c:\program files\microsoft visual studio 11.0\vc\include\stdio.h(357) : see declaration of 'sprintf'
c:\putty-0.63-dev\settings.c(569): warning C4996: 'sprintf': This function or variable may be unsafe. Consider using sprintf_s instead. To disable deprecation, use _CRT_SECURE_NO_WARNINGS. See online help for details.
          c:\program files\microsoft visual studio 11.0\vc\include\stdio.h(357) : see declaration of 'sprintf'
c:\putty-0.63-dev\settings.c(573): warning C4996: 'sprintf': This function or variable may be unsafe. Consider using sprintf_s instead. To disable deprecation, use _CRT_SECURE_NO_WARNINGS. See online help for details.
          c:\program files\microsoft visual studio 11.0\vc\include\stdio.h(357) : see declaration of 'sprintf'
c:\putty-0.63-dev\settings.c(584): warning C4996: 'sprintf': This function or variable may be unsafe. Consider using sprintf_s instead. To disable deprecation, use _CRT_SECURE_NO_WARNINGS. See online help for details.
          c:\program files\microsoft visual studio 11.0\vc\include\stdio.h(357) : see declaration of 'sprintf'
c:\putty-0.63-dev\settings.c(589): warning C4996: 'sprintf': This function or variable may be unsafe. Consider using sprintf_s instead. To disable deprecation, use _CRT_SECURE_NO_WARNINGS. See online help for details.
          c:\program files\microsoft visual studio 11.0\vc\include\stdio.h(357) : see declaration of 'sprintf'
c:\putty-0.63-dev\settings.c(881): warning C4996: 'sprintf': This function or variable may be unsafe. Consider using sprintf_s instead. To disable deprecation, use _CRT_SECURE_NO_WARNINGS. See online help for details.
          c:\program files\microsoft visual studio 11.0\vc\include\stdio.h(357) : see declaration of 'sprintf'
c:\putty-0.63-dev\settings.c(883): warning C4996: 'sscanf': This function or variable may be unsafe. Consider using sscanf_s instead. To disable deprecation, use _CRT_SECURE_NO_WARNINGS. See online help for details.
          c:\program files\microsoft visual studio 11.0\vc\include\stdio.h(311) : see declaration of 'sscanf'
c:\putty-0.63-dev\settings.c(908): warning C4996: 'sprintf': This function or variable may be unsafe. Consider using sprintf_s instead. To disable deprecation, use _CRT_SECURE_NO_WARNINGS. See online help for details.
          c:\program files\microsoft visual studio 11.0\vc\include\stdio.h(357) : see declaration of 'sprintf'
c:\putty-0.63-dev\settings.c(1028): warning C4996: 'strcpy': This function or variable may be unsafe. Consider using strcpy_s instead. To disable deprecation, use _CRT_SECURE_NO_WARNINGS. See online help for details.
          c:\program files\microsoft visual studio 11.0\vc\include\string.h(110) : see declaration of 'strcpy'
  rlogin.c
  raw.c
  proxy.c
c:\putty-0.63-dev\proxy.c(342): warning C4996: 'strnicmp': The POSIX name for this item is deprecated. Instead, use the ISO C++ conformant name: _strnicmp. See online help for details.
          c:\program files\microsoft visual studio 11.0\vc\include\string.h(251) : see declaration of 'strnicmp'
c:\putty-0.63-dev\proxy.c(349): warning C4996: 'strnicmp': The POSIX name for this item is deprecated. Instead, use the ISO C++ conformant name: _strnicmp. See online help for details.
          c:\program files\microsoft visual studio 11.0\vc\include\string.h(251) : see declaration of 'strnicmp'
c:\putty-0.63-dev\proxy.c(357): warning C4996: 'strnicmp': The POSIX name for this item is deprecated. Instead, use the ISO C++ conformant name: _strnicmp. See online help for details.
          c:\program files\microsoft visual studio 11.0\vc\include\string.h(251) : see declaration of 'strnicmp'
c:\putty-0.63-dev\proxy.c(359): warning C4996: 'strnicmp': The POSIX name for this item is deprecated. Instead, use the ISO C++ conformant name: _strnicmp. See online help for details.
          c:\program files\microsoft visual studio 11.0\vc\include\string.h(251) : see declaration of 'strnicmp'
c:\putty-0.63-dev\proxy.c(577): warning C4996: 'sprintf': This function or variable may be unsafe. Consider using sprintf_s instead. To disable deprecation, use _CRT_SECURE_NO_WARNINGS. See online help for details.
          c:\program files\microsoft visual studio 11.0\vc\include\stdio.h(357) : see declaration of 'sprintf'
c:\putty-0.63-dev\proxy.c(581): warning C4996: 'strcpy': This function or variable may be unsafe. Consider using strcpy_s instead. To disable deprecation, use _CRT_SECURE_NO_WARNINGS. See online help for details.
          c:\program files\microsoft visual studio 11.0\vc\include\string.h(110) : see declaration of 'strcpy'
c:\putty-0.63-dev\proxy.c(657): warning C4996: 'sscanf': This function or variable may be unsafe. Consider using sscanf_s instead. To disable deprecation, use _CRT_SECURE_NO_WARNINGS. See online help for details.
          c:\program files\microsoft visual studio 11.0\vc\include\stdio.h(311) : see declaration of 'sscanf'
c:\putty-0.63-dev\proxy.c(771): warning C4996: 'strcpy': This function or variable may be unsafe. Consider using strcpy_s instead. To disable deprecation, use _CRT_SECURE_NO_WARNINGS. See online help for details.
          c:\program files\microsoft visual studio 11.0\vc\include\string.h(110) : see declaration of 'strcpy'
c:\putty-0.63-dev\proxy.c(1141): warning C4996: 'strcpy': This function or variable may be unsafe. Consider using strcpy_s instead. To disable deprecation, use _CRT_SECURE_NO_WARNINGS. See online help for details.
          c:\program files\microsoft visual studio 11.0\vc\include\string.h(110) : see declaration of 'strcpy'
c:\putty-0.63-dev\proxy.c(1144): warning C4996: 'strcat': This function or variable may be unsafe. Consider using strcat_s instead. To disable deprecation, use _CRT_SECURE_NO_WARNINGS. See online help for details.
          c:\program files\microsoft visual studio 11.0\vc\include\string.h(115) : see declaration of 'strcat'
c:\putty-0.63-dev\proxy.c(1145): warning C4996: 'strcat': This function or variable may be unsafe. Consider using strcat_s instead. To disable deprecation, use _CRT_SECURE_NO_WARNINGS. See online help for details.
          c:\program files\microsoft visual studio 11.0\vc\include\string.h(115) : see declaration of 'strcat'
c:\putty-0.63-dev\proxy.c(1146): warning C4996: 'strcat': This function or variable may be unsafe. Consider using strcat_s instead. To disable deprecation, use _CRT_SECURE_NO_WARNINGS. See online help for details.
          c:\program files\microsoft visual studio 11.0\vc\include\string.h(115) : see declaration of 'strcat'
c:\putty-0.63-dev\proxy.c(1147): warning C4996: 'strcat': This function or variable may be unsafe. Consider using strcat_s instead. To disable deprecation, use _CRT_SECURE_NO_WARNINGS. See online help for details.
          c:\program files\microsoft visual studio 11.0\vc\include\string.h(115) : see declaration of 'strcat'
c:\putty-0.63-dev\proxy.c(1148): warning C4996: 'strcat': This function or variable may be unsafe. Consider using strcat_s instead. To disable deprecation, use _CRT_SECURE_NO_WARNINGS. See online help for details.
          c:\program files\microsoft visual studio 11.0\vc\include\string.h(115) : see declaration of 'strcat'
c:\putty-0.63-dev\proxy.c(1149): warning C4996: 'strcat': This function or variable may be unsafe. Consider using strcat_s instead. To disable deprecation, use _CRT_SECURE_NO_WARNINGS. See online help for details.
          c:\program files\microsoft visual studio 11.0\vc\include\string.h(115) : see declaration of 'strcat'
c:\putty-0.63-dev\proxy.c(1150): warning C4996: 'strcat': This function or variable may be unsafe. Consider using strcat_s instead. To disable deprecation, use _CRT_SECURE_NO_WARNINGS. See online help for details.
          c:\program files\microsoft visual studio 11.0\vc\include\string.h(115) : see declaration of 'strcat'
c:\putty-0.63-dev\proxy.c(1151): warning C4996: 'strcat': This function or variable may be unsafe. Consider using strcat_s instead. To disable deprecation, use _CRT_SECURE_NO_WARNINGS. See online help for details.
          c:\program files\microsoft visual studio 11.0\vc\include\string.h(115) : see declaration of 'strcat'
c:\putty-0.63-dev\proxy.c(1154): warning C4996: 'sprintf': This function or variable may be unsafe. Consider using sprintf_s instead. To disable deprecation, use _CRT_SECURE_NO_WARNINGS. See online help for details.
          c:\program files\microsoft visual studio 11.0\vc\include\stdio.h(357) : see declaration of 'sprintf'
c:\putty-0.63-dev\proxy.c(1376): warning C4996: 'strnicmp': The POSIX name for this item is deprecated. Instead, use the ISO C++ conformant name: _strnicmp. See online help for details.
          c:\program files\microsoft visual studio 11.0\vc\include\string.h(251) : see declaration of 'strnicmp'
c:\putty-0.63-dev\proxy.c(1386): warning C4996: 'strnicmp': The POSIX name for this item is deprecated. Instead, use the ISO C++ conformant name: _strnicmp. See online help for details.
          c:\program files\microsoft visual studio 11.0\vc\include\string.h(251) : see declaration of 'strnicmp'
c:\putty-0.63-dev\proxy.c(1388): warning C4996: 'sprintf': This function or variable may be unsafe. Consider using sprintf_s instead. To disable deprecation, use _CRT_SECURE_NO_WARNINGS. See online help for details.
          c:\program files\microsoft visual studio 11.0\vc\include\stdio.h(357) : see declaration of 'sprintf'
c:\putty-0.63-dev\proxy.c(1394): warning C4996: 'strnicmp': The POSIX name for this item is deprecated. Instead, use the ISO C++ conformant name: _strnicmp. See online help for details.
          c:\program files\microsoft visual studio 11.0\vc\include\string.h(251) : see declaration of 'strnicmp'
c:\putty-0.63-dev\proxy.c(1402): warning C4996: 'strnicmp': The POSIX name for this item is deprecated. Instead, use the ISO C++ conformant name: _strnicmp. See online help for details.
          c:\program files\microsoft visual studio 11.0\vc\include\string.h(251) : see declaration of 'strnicmp'
c:\putty-0.63-dev\proxy.c(1410): warning C4996: 'strnicmp': The POSIX name for this item is deprecated. Instead, use the ISO C++ conformant name: _strnicmp. See online help for details.
          c:\program files\microsoft visual studio 11.0\vc\include\string.h(251) : see declaration of 'strnicmp'
c:\putty-0.63-dev\proxy.c(1418): warning C4996: 'strnicmp': The POSIX name for this item is deprecated. Instead, use the ISO C++ conformant name: _strnicmp. See online help for details.
          c:\program files\microsoft visual studio 11.0\vc\include\string.h(251) : see declaration of 'strnicmp'
c:\putty-0.63-dev\proxy.c(1422): warning C4996: 'sprintf': This function or variable may be unsafe. Consider using sprintf_s instead. To disable deprecation, use _CRT_SECURE_NO_WARNINGS. See online help for details.
          c:\program files\microsoft visual studio 11.0\vc\include\stdio.h(357) : see declaration of 'sprintf'
  portfwd.c
  pinger.c
c:\putty-0.63-dev\pinger.c(40): warning C4018: '<' : signed/unsigned mismatch
  pgssapi.c
  misc.c
c:\putty-0.63-dev\misc.c(136): warning C4996: 'strcpy': This function or variable may be unsafe. Consider using strcpy_s instead. To disable deprecation, use _CRT_SECURE_NO_WARNINGS. See online help for details.
          c:\program files\microsoft visual studio 11.0\vc\include\string.h(110) : see declaration of 'strcpy'
c:\putty-0.63-dev\misc.c(164): warning C4996: 'strcpy': This function or variable may be unsafe. Consider using strcpy_s instead. To disable deprecation, use _CRT_SECURE_NO_WARNINGS. See online help for details.
          c:\program files\microsoft visual studio 11.0\vc\include\string.h(110) : see declaration of 'strcpy'
c:\putty-0.63-dev\misc.c(187): warning C4996: 'strcpy': This function or variable may be unsafe. Consider using strcpy_s instead. To disable deprecation, use _CRT_SECURE_NO_WARNINGS. See online help for details.
          c:\program files\microsoft visual studio 11.0\vc\include\string.h(110) : see declaration of 'strcpy'
c:\putty-0.63-dev\misc.c(195): warning C4996: 'strcpy': This function or variable may be unsafe. Consider using strcpy_s instead. To disable deprecation, use _CRT_SECURE_NO_WARNINGS. See online help for details.
          c:\program files\microsoft visual studio 11.0\vc\include\string.h(110) : see declaration of 'strcpy'
c:\putty-0.63-dev\misc.c(306): warning C4996: '_vsnprintf': This function or variable may be unsafe. Consider using _vsnprintf_s instead. To disable deprecation, use _CRT_SECURE_NO_WARNINGS. See online help for details.
          c:\program files\microsoft visual studio 11.0\vc\include\stdio.h(349) : see declaration of '_vsnprintf'
c:\putty-0.63-dev\misc.c(563): warning C4996: 'strcpy': This function or variable may be unsafe. Consider using strcpy_s instead. To disable deprecation, use _CRT_SECURE_NO_WARNINGS. See online help for details.
          c:\program files\microsoft visual studio 11.0\vc\include\string.h(110) : see declaration of 'strcpy'
c:\putty-0.63-dev\misc.c(605): warning C4996: 'strcpy': This function or variable may be unsafe. Consider using strcpy_s instead. To disable deprecation, use _CRT_SECURE_NO_WARNINGS. See online help for details.
          c:\program files\microsoft visual studio 11.0\vc\include\string.h(110) : see declaration of 'strcpy'
  logging.c
c:\putty-0.63-dev\logging.c(95): warning C4996: 'fopen': This function or variable may be unsafe. Consider using fopen_s instead. To disable deprecation, use _CRT_SECURE_NO_WARNINGS. See online help for details.
          c:\program files\microsoft visual studio 11.0\vc\include\stdio.h(218) : see declaration of 'fopen'
c:\putty-0.63-dev\logging.c(164): warning C4996: 'fopen': This function or variable may be unsafe. Consider using fopen_s instead. To disable deprecation, use _CRT_SECURE_NO_WARNINGS. See online help for details.
          c:\program files\microsoft visual studio 11.0\vc\include\stdio.h(218) : see declaration of 'fopen'
c:\putty-0.63-dev\logging.c(308): warning C4996: 'sprintf': This function or variable may be unsafe. Consider using sprintf_s instead. To disable deprecation, use _CRT_SECURE_NO_WARNINGS. See online help for details.
          c:\program files\microsoft visual studio 11.0\vc\include\stdio.h(357) : see declaration of 'sprintf'
c:\putty-0.63-dev\logging.c(317): warning C4996: 'sprintf': This function or variable may be unsafe. Consider using sprintf_s instead. To disable deprecation, use _CRT_SECURE_NO_WARNINGS. See online help for details.
          c:\program files\microsoft visual studio 11.0\vc\include\stdio.h(357) : see declaration of 'sprintf'
c:\putty-0.63-dev\logging.c(320): warning C4996: 'sprintf': This function or variable may be unsafe. Consider using sprintf_s instead. To disable deprecation, use _CRT_SECURE_NO_WARNINGS. See online help for details.
          c:\program files\microsoft visual studio 11.0\vc\include\stdio.h(357) : see declaration of 'sprintf'
c:\putty-0.63-dev\logging.c(333): warning C4996: 'strcpy': This function or variable may be unsafe. Consider using strcpy_s instead. To disable deprecation, use _CRT_SECURE_NO_WARNINGS. See online help for details.
          c:\program files\microsoft visual studio 11.0\vc\include\string.h(110) : see declaration of 'strcpy'
  ldisc.c
c:\putty-0.63-dev\ldisc.c(57): warning C4996: 'sprintf': This function or variable may be unsafe. Consider using sprintf_s instead. To disable deprecation, use _CRT_SECURE_NO_WARNINGS. See online help for details.
          c:\program files\microsoft visual studio 11.0\vc\include\stdio.h(357) : see declaration of 'sprintf'
  cproxy.c
  conf.c
  cmdline.c
c:\putty-0.63-dev\cmdline.c(329): warning C4996: 'fopen': This function or variable may be unsafe. Consider using fopen_s instead. To disable deprecation, use _CRT_SECURE_NO_WARNINGS. See online help for details.
          c:\program files\microsoft visual studio 11.0\vc\include\stdio.h(218) : see declaration of 'fopen'
  be_all_s.c
  Generating Code...
  ssh.c
..\..\..\ssh.c(294): warning C4996: 'stricmp': The POSIX name for this item is deprecated. Instead, use the ISO C++ conformant name: _stricmp. See online help for details.
          C:\Program Files\Microsoft Visual Studio 11.0\VC\include\string.h(249) : see declaration of 'stricmp'
..\..\..\ssh.c(299): warning C4996: 'stricmp': The POSIX name for this item is deprecated. Instead, use the ISO C++ conformant name: _stricmp. See online help for details.
          C:\Program Files\Microsoft Visual Studio 11.0\VC\include\string.h(249) : see declaration of 'stricmp'
..\..\..\ssh.c(2716): warning C4996: 'strcpy': This function or variable may be unsafe. Consider using strcpy_s instead. To disable deprecation, use _CRT_SECURE_NO_WARNINGS. See online help for details.
          C:\Program Files\Microsoft Visual Studio 11.0\VC\include\string.h(110) : see declaration of 'strcpy'
..\..\..\ssh.c(3351): warning C4996: 'strcpy': This function or variable may be unsafe. Consider using strcpy_s instead. To disable deprecation, use _CRT_SECURE_NO_WARNINGS. See online help for details.
          C:\Program Files\Microsoft Visual Studio 11.0\VC\include\string.h(110) : see declaration of 'strcpy'
..\..\..\ssh.c(4211): warning C4996: 'strcpy': This function or variable may be unsafe. Consider using strcpy_s instead. To disable deprecation, use _CRT_SECURE_NO_WARNINGS. See online help for details.
          C:\Program Files\Microsoft Visual Studio 11.0\VC\include\string.h(110) : see declaration of 'strcpy'
..\..\..\ssh.c(4724): warning C4996: 'strncpy': This function or variable may be unsafe. Consider using strncpy_s instead. To disable deprecation, use _CRT_SECURE_NO_WARNINGS. See online help for details.
          C:\Program Files\Microsoft Visual Studio 11.0\VC\include\string.h(191) : see declaration of 'strncpy'
..\..\..\ssh.c(5231): warning C4996: 'sscanf': This function or variable may be unsafe. Consider using sscanf_s instead. To disable deprecation, use _CRT_SECURE_NO_WARNINGS. See online help for details.
          C:\Program Files\Microsoft Visual Studio 11.0\VC\include\stdio.h(311) : see declaration of 'sscanf'
..\..\..\ssh.c(7617): warning C4996: 'sscanf': This function or variable may be unsafe. Consider using sscanf_s instead. To disable deprecation, use _CRT_SECURE_NO_WARNINGS. See online help for details.
          C:\Program Files\Microsoft Visual Studio 11.0\VC\include\stdio.h(311) : see declaration of 'sscanf'
..\..\..\ssh.c(9863): warning C4018: '>' : signed/unsigned mismatch
be_all_s.obj : warning LNK4075: ignoring '/EDITANDCONTINUE' due to '/SAFESEH' specification
  plink.vcxproj -> C:\putty-0.63-dev\windows\MSVC\plink\.\Debug\plink.exe
