C:\PUTTY-0.63-DEV\WINDOWS\MSVC\PUTTY\DEBUG\WINDEFS.OBJ
C:\PUTTY-0.63-DEV\WINDOWS\MSVC\PUTTY\DEBUG\WINDLG.OBJ
C:\PUTTY-0.63-DEV\WINDOWS\MSVC\PUTTY\DEBUG\WINDOW.OBJ
C:\PUTTY-0.63-DEV\WINDOWS\MSVC\PUTTY\DEBUG\WINHANDL.OBJ
C:\PUTTY-0.63-DEV\WINDOWS\MSVC\PUTTY\DEBUG\WINHELP.OBJ
C:\PUTTY-0.63-DEV\WINDOWS\MSVC\PUTTY\DEBUG\WINJUMP.OBJ
C:\PUTTY-0.63-DEV\WINDOWS\MSVC\PUTTY\DEBUG\WINNET.OBJ
C:\PUTTY-0.63-DEV\WINDOWS\MSVC\PUTTY\DEBUG\WINNOISE.OBJ
C:\PUTTY-0.63-DEV\WINDOWS\MSVC\PUTTY\DEBUG\WINPGNTC.OBJ
C:\PUTTY-0.63-DEV\WINDOWS\MSVC\PUTTY\DEBUG\WINPRINT.OBJ
C:\PUTTY-0.63-DEV\WINDOWS\MSVC\PUTTY\DEBUG\WINPROXY.OBJ
C:\PUTTY-0.63-DEV\WINDOWS\MSVC\PUTTY\DEBUG\WINSER.OBJ
C:\PUTTY-0.63-DEV\WINDOWS\MSVC\PUTTY\DEBUG\WINSTORE.OBJ
C:\PUTTY-0.63-DEV\WINDOWS\MSVC\PUTTY\DEBUG\WINTIME.OBJ
C:\PUTTY-0.63-DEV\WINDOWS\MSVC\PUTTY\DEBUG\WINUCS.OBJ
C:\PUTTY-0.63-DEV\WINDOWS\MSVC\PUTTY\DEBUG\WINUTILS.OBJ
C:\PUTTY-0.63-DEV\WINDOWS\MSVC\PUTTY\DEBUG\WINX11.OBJ
C:\PUTTY-0.63-DEV\WINDOWS\MSVC\PUTTY\DEBUG\X11FWD.OBJ
C:\PUTTY-0.63-DEV\WINDOWS\MSVC\PUTTY\DEBUG\SSHDSS.OBJ
C:\PUTTY-0.63-DEV\WINDOWS\MSVC\PUTTY\DEBUG\SSHGSSC.OBJ
C:\PUTTY-0.63-DEV\WINDOWS\MSVC\PUTTY\DEBUG\SSHMD5.OBJ
C:\PUTTY-0.63-DEV\WINDOWS\MSVC\PUTTY\DEBUG\SSHPUBK.OBJ
C:\PUTTY-0.63-DEV\WINDOWS\MSVC\PUTTY\DEBUG\SSHRAND.OBJ
C:\PUTTY-0.63-DEV\WINDOWS\MSVC\PUTTY\DEBUG\SSHRSA.OBJ
C:\PUTTY-0.63-DEV\WINDOWS\MSVC\PUTTY\DEBUG\SSHSH256.OBJ
C:\PUTTY-0.63-DEV\WINDOWS\MSVC\PUTTY\DEBUG\SSHSH512.OBJ
C:\PUTTY-0.63-DEV\WINDOWS\MSVC\PUTTY\DEBUG\SSHSHA.OBJ
C:\PUTTY-0.63-DEV\WINDOWS\MSVC\PUTTY\DEBUG\SSHZLIB.OBJ
C:\PUTTY-0.63-DEV\WINDOWS\MSVC\PUTTY\DEBUG\TELNET.OBJ
C:\PUTTY-0.63-DEV\WINDOWS\MSVC\PUTTY\DEBUG\TERMINAL.OBJ
C:\PUTTY-0.63-DEV\WINDOWS\MSVC\PUTTY\DEBUG\TIMING.OBJ
C:\PUTTY-0.63-DEV\WINDOWS\MSVC\PUTTY\DEBUG\TREE234.OBJ
C:\PUTTY-0.63-DEV\WINDOWS\MSVC\PUTTY\DEBUG\VERSION.OBJ
C:\PUTTY-0.63-DEV\WINDOWS\MSVC\PUTTY\DEBUG\WCWIDTH.OBJ
C:\PUTTY-0.63-DEV\WINDOWS\MSVC\PUTTY\DEBUG\WILDCARD.OBJ
C:\PUTTY-0.63-DEV\WINDOWS\MSVC\PUTTY\DEBUG\SIZETIP.OBJ
C:\PUTTY-0.63-DEV\WINDOWS\MSVC\PUTTY\DEBUG\WINCFG.OBJ
C:\PUTTY-0.63-DEV\WINDOWS\MSVC\PUTTY\DEBUG\WINCTRLS.OBJ
C:\PUTTY-0.63-DEV\WINDOWS\MSVC\PUTTY\DEBUG\LDISCUCS.OBJ
C:\PUTTY-0.63-DEV\WINDOWS\MSVC\PUTTY\DEBUG\LOGGING.OBJ
C:\PUTTY-0.63-DEV\WINDOWS\MSVC\PUTTY\DEBUG\MINIBIDI.OBJ
C:\PUTTY-0.63-DEV\WINDOWS\MSVC\PUTTY\DEBUG\MISC.OBJ
C:\PUTTY-0.63-DEV\WINDOWS\MSVC\PUTTY\DEBUG\PGSSAPI.OBJ
C:\PUTTY-0.63-DEV\WINDOWS\MSVC\PUTTY\DEBUG\PINGER.OBJ
C:\PUTTY-0.63-DEV\WINDOWS\MSVC\PUTTY\DEBUG\PORTFWD.OBJ
C:\PUTTY-0.63-DEV\WINDOWS\MSVC\PUTTY\DEBUG\PROXY.OBJ
C:\PUTTY-0.63-DEV\WINDOWS\MSVC\PUTTY\DEBUG\RAW.OBJ
C:\PUTTY-0.63-DEV\WINDOWS\MSVC\PUTTY\DEBUG\RLOGIN.OBJ
C:\PUTTY-0.63-DEV\WINDOWS\MSVC\PUTTY\DEBUG\SERCFG.OBJ
C:\PUTTY-0.63-DEV\WINDOWS\MSVC\PUTTY\DEBUG\SETTINGS.OBJ
C:\PUTTY-0.63-DEV\WINDOWS\MSVC\PUTTY\DEBUG\SSHAES.OBJ
C:\PUTTY-0.63-DEV\WINDOWS\MSVC\PUTTY\DEBUG\SSHARCF.OBJ
C:\PUTTY-0.63-DEV\WINDOWS\MSVC\PUTTY\DEBUG\SSHBLOWF.OBJ
C:\PUTTY-0.63-DEV\WINDOWS\MSVC\PUTTY\DEBUG\SSHBN.OBJ
C:\PUTTY-0.63-DEV\WINDOWS\MSVC\PUTTY\DEBUG\SSHCRC.OBJ
C:\PUTTY-0.63-DEV\WINDOWS\MSVC\PUTTY\DEBUG\SSHCRCDA.OBJ
C:\PUTTY-0.63-DEV\WINDOWS\MSVC\PUTTY\DEBUG\SSHDES.OBJ
C:\PUTTY-0.63-DEV\WINDOWS\MSVC\PUTTY\DEBUG\SSHDH.OBJ
C:\PUTTY-0.63-DEV\WINDOWS\MSVC\PUTTY\DEBUG\BE_ALL_S.OBJ
C:\PUTTY-0.63-DEV\WINDOWS\MSVC\PUTTY\DEBUG\CMDLINE.OBJ
C:\PUTTY-0.63-DEV\WINDOWS\MSVC\PUTTY\DEBUG\CONF.OBJ
C:\PUTTY-0.63-DEV\WINDOWS\MSVC\PUTTY\DEBUG\CONFIG.OBJ
C:\PUTTY-0.63-DEV\WINDOWS\MSVC\PUTTY\DEBUG\CPROXY.OBJ
C:\PUTTY-0.63-DEV\WINDOWS\MSVC\PUTTY\DEBUG\DIALOG.OBJ
C:\PUTTY-0.63-DEV\WINDOWS\MSVC\PUTTY\DEBUG\LDISC.OBJ
C:\PUTTY-0.63-DEV\WINDOWS\MSVC\PUTTY\DEBUG\VC110.PDB
C:\PUTTY-0.63-DEV\WINDOWS\MSVC\PUTTY\DEBUG\WINGSS.OBJ
C:\PUTTY-0.63-DEV\WINDOWS\MSVC\PUTTY\DEBUG\WINMISC.OBJ
C:\PUTTY-0.63-DEV\WINDOWS\MSVC\PUTTY\DEBUG\SSH.OBJ
C:\PUTTY-0.63-DEV\WINDOWS\MSVC\PUTTY\DEBUG\TEST.OBJ
C:\PUTTY-0.63-DEV\WINDOWS\MSVC\PUTTY\DEBUG\FTRANSFER.OBJ
C:\PUTTY-0.63-DEV\WINDOWS\MSVC\PUTTY\DEBUG\PSCP.OBJ
C:\PUTTY-0.63-DEV\WINDOWS\MSVC\PUTTY\DEBUG\SFTP.OBJ
C:\PUTTY-0.63-DEV\WINDOWS\MSVC\PUTTY\DEBUG\WINSFTP.OBJ
C:\PUTTY-0.63-DEV\WINDOWS\MSVC\PUTTY\DEBUG\INT64.OBJ
C:\PUTTY-0.63-DEV\WINDOWS\MSVC\PUTTY\DEBUG\WINCONS.OBJ
C:\PUTTY-0.63-DEV\WINDOWS\MSVC\PUTTY\DEBUG\PSFTP.OBJ
C:\PUTTY-0.63-DEV\WINDOWS\MSVC\PUTTY\DEBUG\PSCP_SMALL.OBJ
C:\PUTTY-0.63-DEV\WINDOWS\MSVC\PUTTY\DEBUG\FILE_TRANSFER.OBJ
C:\PUTTY-0.63-DEV\WINDOWS\MSVC\PUTTY\DEBUG\PUTTY.RES
C:\putty-0.63-dev\windows\MSVC\putty\Debug\be_all_s.obj
C:\putty-0.63-dev\windows\MSVC\putty\Debug\cmdline.obj
C:\putty-0.63-dev\windows\MSVC\putty\Debug\conf.obj
C:\putty-0.63-dev\windows\MSVC\putty\Debug\config.obj
C:\putty-0.63-dev\windows\MSVC\putty\Debug\cproxy.obj
C:\putty-0.63-dev\windows\MSVC\putty\Debug\dialog.obj
C:\putty-0.63-dev\windows\MSVC\putty\Debug\file_transfer.obj
C:\putty-0.63-dev\windows\MSVC\putty\Debug\ftransfer.obj
C:\putty-0.63-dev\windows\MSVC\putty\Debug\int64.obj
C:\putty-0.63-dev\windows\MSVC\putty\Debug\ldisc.obj
C:\putty-0.63-dev\windows\MSVC\putty\Debug\ldiscucs.obj
C:\putty-0.63-dev\windows\MSVC\putty\Debug\logging.obj
C:\putty-0.63-dev\windows\MSVC\putty\Debug\minibidi.obj
C:\putty-0.63-dev\windows\MSVC\putty\Debug\misc.obj
C:\putty-0.63-dev\windows\MSVC\putty\Debug\pgssapi.obj
C:\putty-0.63-dev\windows\MSVC\putty\Debug\pinger.obj
C:\putty-0.63-dev\windows\MSVC\putty\Debug\portfwd.obj
C:\putty-0.63-dev\windows\MSVC\putty\Debug\proxy.obj
C:\putty-0.63-dev\windows\MSVC\putty\Debug\pscp.obj
C:\putty-0.63-dev\windows\MSVC\putty\Debug\pscp_small.obj
C:\putty-0.63-dev\windows\MSVC\putty\Debug\psftp.obj
C:\putty-0.63-dev\windows\MSVC\putty\Debug\raw.obj
C:\putty-0.63-dev\windows\MSVC\putty\Debug\rlogin.obj
C:\putty-0.63-dev\windows\MSVC\putty\Debug\sercfg.obj
C:\putty-0.63-dev\windows\MSVC\putty\Debug\settings.obj
C:\putty-0.63-dev\windows\MSVC\putty\Debug\sftp.obj
C:\putty-0.63-dev\windows\MSVC\putty\Debug\sizetip.obj
C:\putty-0.63-dev\windows\MSVC\putty\Debug\ssh.obj
C:\putty-0.63-dev\windows\MSVC\putty\Debug\sshaes.obj
C:\putty-0.63-dev\windows\MSVC\putty\Debug\ssharcf.obj
C:\putty-0.63-dev\windows\MSVC\putty\Debug\sshblowf.obj
C:\putty-0.63-dev\windows\MSVC\putty\Debug\sshbn.obj
C:\putty-0.63-dev\windows\MSVC\putty\Debug\sshcrc.obj
C:\putty-0.63-dev\windows\MSVC\putty\Debug\sshcrcda.obj
C:\putty-0.63-dev\windows\MSVC\putty\Debug\sshdes.obj
C:\putty-0.63-dev\windows\MSVC\putty\Debug\sshdh.obj
C:\putty-0.63-dev\windows\MSVC\putty\Debug\sshdss.obj
C:\putty-0.63-dev\windows\MSVC\putty\Debug\sshgssc.obj
C:\putty-0.63-dev\windows\MSVC\putty\Debug\sshmd5.obj
C:\putty-0.63-dev\windows\MSVC\putty\Debug\sshpubk.obj
C:\putty-0.63-dev\windows\MSVC\putty\Debug\sshrand.obj
C:\putty-0.63-dev\windows\MSVC\putty\Debug\sshrsa.obj
C:\putty-0.63-dev\windows\MSVC\putty\Debug\sshsh256.obj
C:\putty-0.63-dev\windows\MSVC\putty\Debug\sshsh512.obj
C:\putty-0.63-dev\windows\MSVC\putty\Debug\sshsha.obj
C:\putty-0.63-dev\windows\MSVC\putty\Debug\sshzlib.obj
C:\putty-0.63-dev\windows\MSVC\putty\Debug\telnet.obj
C:\putty-0.63-dev\windows\MSVC\putty\Debug\terminal.obj
C:\putty-0.63-dev\windows\MSVC\putty\Debug\test.obj
C:\putty-0.63-dev\windows\MSVC\putty\Debug\timing.obj
C:\putty-0.63-dev\windows\MSVC\putty\Debug\tree234.obj
C:\putty-0.63-dev\windows\MSVC\putty\Debug\version.obj
C:\putty-0.63-dev\windows\MSVC\putty\Debug\wcwidth.obj
C:\putty-0.63-dev\windows\MSVC\putty\Debug\wildcard.obj
C:\putty-0.63-dev\windows\MSVC\putty\Debug\wincfg.obj
C:\putty-0.63-dev\windows\MSVC\putty\Debug\wincons.obj
C:\putty-0.63-dev\windows\MSVC\putty\Debug\winctrls.obj
C:\putty-0.63-dev\windows\MSVC\putty\Debug\windefs.obj
C:\putty-0.63-dev\windows\MSVC\putty\Debug\windlg.obj
C:\putty-0.63-dev\windows\MSVC\putty\Debug\window.obj
C:\putty-0.63-dev\windows\MSVC\putty\Debug\wingss.obj
C:\putty-0.63-dev\windows\MSVC\putty\Debug\winhandl.obj
C:\putty-0.63-dev\windows\MSVC\putty\Debug\winhelp.obj
C:\putty-0.63-dev\windows\MSVC\putty\Debug\winjump.obj
C:\putty-0.63-dev\windows\MSVC\putty\Debug\winmisc.obj
C:\putty-0.63-dev\windows\MSVC\putty\Debug\winnet.obj
C:\putty-0.63-dev\windows\MSVC\putty\Debug\winnoise.obj
C:\putty-0.63-dev\windows\MSVC\putty\Debug\winpgntc.obj
C:\putty-0.63-dev\windows\MSVC\putty\Debug\winprint.obj
C:\putty-0.63-dev\windows\MSVC\putty\Debug\winproxy.obj
C:\putty-0.63-dev\windows\MSVC\putty\Debug\winser.obj
C:\putty-0.63-dev\windows\MSVC\putty\Debug\winsftp.obj
C:\putty-0.63-dev\windows\MSVC\putty\Debug\winstore.obj
C:\putty-0.63-dev\windows\MSVC\putty\Debug\wintime.obj
C:\putty-0.63-dev\windows\MSVC\putty\Debug\winucs.obj
C:\putty-0.63-dev\windows\MSVC\putty\Debug\winutils.obj
C:\putty-0.63-dev\windows\MSVC\putty\Debug\winx11.obj
C:\putty-0.63-dev\windows\MSVC\putty\Debug\x11fwd.obj
C:\putty-0.63-dev\windows\MSVC\putty\Debug\putty.ilk
C:\putty-0.63-dev\windows\MSVC\putty\Debug\cl.command.1.tlog
C:\putty-0.63-dev\windows\MSVC\putty\Debug\CL.read.1.tlog
C:\putty-0.63-dev\windows\MSVC\putty\Debug\CL.write.1.tlog
C:\putty-0.63-dev\windows\MSVC\putty\Debug\link-cvtres.read.1.tlog
C:\putty-0.63-dev\windows\MSVC\putty\Debug\link-cvtres.write.1.tlog
C:\putty-0.63-dev\windows\MSVC\putty\Debug\link-rc.read.1.tlog
C:\putty-0.63-dev\windows\MSVC\putty\Debug\link-rc.write.1.tlog
C:\putty-0.63-dev\windows\MSVC\putty\Debug\link.14804-cvtres.read.1.tlog
C:\putty-0.63-dev\windows\MSVC\putty\Debug\link.14804-cvtres.write.1.tlog
C:\putty-0.63-dev\windows\MSVC\putty\Debug\link.14804-rc.read.1.tlog
C:\putty-0.63-dev\windows\MSVC\putty\Debug\link.14804-rc.write.1.tlog
C:\putty-0.63-dev\windows\MSVC\putty\Debug\link.14804.read.1.tlog
C:\putty-0.63-dev\windows\MSVC\putty\Debug\link.14804.write.1.tlog
C:\putty-0.63-dev\windows\MSVC\putty\Debug\link.19616-cvtres.read.1.tlog
C:\putty-0.63-dev\windows\MSVC\putty\Debug\link.19616-cvtres.write.1.tlog
C:\putty-0.63-dev\windows\MSVC\putty\Debug\link.19616-rc.read.1.tlog
C:\putty-0.63-dev\windows\MSVC\putty\Debug\link.19616-rc.write.1.tlog
C:\putty-0.63-dev\windows\MSVC\putty\Debug\link.19616.read.1.tlog
C:\putty-0.63-dev\windows\MSVC\putty\Debug\link.19616.write.1.tlog
C:\putty-0.63-dev\windows\MSVC\putty\Debug\link.22728-cvtres.read.1.tlog
C:\putty-0.63-dev\windows\MSVC\putty\Debug\link.22728-cvtres.write.1.tlog
C:\putty-0.63-dev\windows\MSVC\putty\Debug\link.22728-rc.read.1.tlog
C:\putty-0.63-dev\windows\MSVC\putty\Debug\link.22728-rc.write.1.tlog
C:\putty-0.63-dev\windows\MSVC\putty\Debug\link.22728.read.1.tlog
C:\putty-0.63-dev\windows\MSVC\putty\Debug\link.22728.write.1.tlog
C:\putty-0.63-dev\windows\MSVC\putty\Debug\link.2948-cvtres.read.1.tlog
C:\putty-0.63-dev\windows\MSVC\putty\Debug\link.2948-cvtres.write.1.tlog
C:\putty-0.63-dev\windows\MSVC\putty\Debug\link.2948-rc.read.1.tlog
C:\putty-0.63-dev\windows\MSVC\putty\Debug\link.2948-rc.write.1.tlog
C:\putty-0.63-dev\windows\MSVC\putty\Debug\link.2948.read.1.tlog
C:\putty-0.63-dev\windows\MSVC\putty\Debug\link.2948.write.1.tlog
C:\putty-0.63-dev\windows\MSVC\putty\Debug\link.4588-cvtres.read.1.tlog
C:\putty-0.63-dev\windows\MSVC\putty\Debug\link.4588-cvtres.write.1.tlog
C:\putty-0.63-dev\windows\MSVC\putty\Debug\link.4588-rc.read.1.tlog
C:\putty-0.63-dev\windows\MSVC\putty\Debug\link.4588-rc.write.1.tlog
C:\putty-0.63-dev\windows\MSVC\putty\Debug\link.4588.read.1.tlog
C:\putty-0.63-dev\windows\MSVC\putty\Debug\link.4588.write.1.tlog
C:\putty-0.63-dev\windows\MSVC\putty\Debug\link.5396-cvtres.read.1.tlog
C:\putty-0.63-dev\windows\MSVC\putty\Debug\link.5396-cvtres.write.1.tlog
C:\putty-0.63-dev\windows\MSVC\putty\Debug\link.5396-rc.read.1.tlog
C:\putty-0.63-dev\windows\MSVC\putty\Debug\link.5396-rc.write.1.tlog
C:\putty-0.63-dev\windows\MSVC\putty\Debug\link.5396.read.1.tlog
C:\putty-0.63-dev\windows\MSVC\putty\Debug\link.5396.write.1.tlog
C:\putty-0.63-dev\windows\MSVC\putty\Debug\link.5928-cvtres.read.1.tlog
C:\putty-0.63-dev\windows\MSVC\putty\Debug\link.5928-cvtres.write.1.tlog
C:\putty-0.63-dev\windows\MSVC\putty\Debug\link.5928-rc.read.1.tlog
C:\putty-0.63-dev\windows\MSVC\putty\Debug\link.5928-rc.write.1.tlog
C:\putty-0.63-dev\windows\MSVC\putty\Debug\link.5928.read.1.tlog
C:\putty-0.63-dev\windows\MSVC\putty\Debug\link.5928.write.1.tlog
C:\putty-0.63-dev\windows\MSVC\putty\Debug\link.5992-cvtres.read.1.tlog
C:\putty-0.63-dev\windows\MSVC\putty\Debug\link.5992-cvtres.write.1.tlog
C:\putty-0.63-dev\windows\MSVC\putty\Debug\link.5992-rc.read.1.tlog
C:\putty-0.63-dev\windows\MSVC\putty\Debug\link.5992-rc.write.1.tlog
C:\putty-0.63-dev\windows\MSVC\putty\Debug\link.5992.read.1.tlog
C:\putty-0.63-dev\windows\MSVC\putty\Debug\link.5992.write.1.tlog
C:\putty-0.63-dev\windows\MSVC\putty\Debug\link.6136-cvtres.read.1.tlog
C:\putty-0.63-dev\windows\MSVC\putty\Debug\link.6136-cvtres.write.1.tlog
C:\putty-0.63-dev\windows\MSVC\putty\Debug\link.6136-rc.read.1.tlog
C:\putty-0.63-dev\windows\MSVC\putty\Debug\link.6136-rc.write.1.tlog
C:\putty-0.63-dev\windows\MSVC\putty\Debug\link.6136.read.1.tlog
C:\putty-0.63-dev\windows\MSVC\putty\Debug\link.6136.write.1.tlog
C:\putty-0.63-dev\windows\MSVC\putty\Debug\link.6148-cvtres.read.1.tlog
C:\putty-0.63-dev\windows\MSVC\putty\Debug\link.6148-cvtres.write.1.tlog
C:\putty-0.63-dev\windows\MSVC\putty\Debug\link.6148-rc.read.1.tlog
C:\putty-0.63-dev\windows\MSVC\putty\Debug\link.6148-rc.write.1.tlog
C:\putty-0.63-dev\windows\MSVC\putty\Debug\link.6148.read.1.tlog
C:\putty-0.63-dev\windows\MSVC\putty\Debug\link.6148.write.1.tlog
C:\putty-0.63-dev\windows\MSVC\putty\Debug\link.6192-cvtres.read.1.tlog
C:\putty-0.63-dev\windows\MSVC\putty\Debug\link.6192-cvtres.write.1.tlog
C:\putty-0.63-dev\windows\MSVC\putty\Debug\link.6192-rc.read.1.tlog
C:\putty-0.63-dev\windows\MSVC\putty\Debug\link.6192-rc.write.1.tlog
C:\putty-0.63-dev\windows\MSVC\putty\Debug\link.6192.read.1.tlog
C:\putty-0.63-dev\windows\MSVC\putty\Debug\link.6192.write.1.tlog
C:\putty-0.63-dev\windows\MSVC\putty\Debug\link.6476-cvtres.read.1.tlog
C:\putty-0.63-dev\windows\MSVC\putty\Debug\link.6476-cvtres.write.1.tlog
C:\putty-0.63-dev\windows\MSVC\putty\Debug\link.6476-rc.read.1.tlog
C:\putty-0.63-dev\windows\MSVC\putty\Debug\link.6476-rc.write.1.tlog
C:\putty-0.63-dev\windows\MSVC\putty\Debug\link.6476.read.1.tlog
C:\putty-0.63-dev\windows\MSVC\putty\Debug\link.6476.write.1.tlog
C:\putty-0.63-dev\windows\MSVC\putty\Debug\link.6724-cvtres.read.1.tlog
C:\putty-0.63-dev\windows\MSVC\putty\Debug\link.6724-cvtres.write.1.tlog
C:\putty-0.63-dev\windows\MSVC\putty\Debug\link.6724-rc.read.1.tlog
C:\putty-0.63-dev\windows\MSVC\putty\Debug\link.6724-rc.write.1.tlog
C:\putty-0.63-dev\windows\MSVC\putty\Debug\link.6724.read.1.tlog
C:\putty-0.63-dev\windows\MSVC\putty\Debug\link.6724.write.1.tlog
C:\putty-0.63-dev\windows\MSVC\putty\Debug\link.7740-cvtres.read.1.tlog
C:\putty-0.63-dev\windows\MSVC\putty\Debug\link.7740-cvtres.write.1.tlog
C:\putty-0.63-dev\windows\MSVC\putty\Debug\link.7740-rc.read.1.tlog
C:\putty-0.63-dev\windows\MSVC\putty\Debug\link.7740-rc.write.1.tlog
C:\putty-0.63-dev\windows\MSVC\putty\Debug\link.7740.read.1.tlog
C:\putty-0.63-dev\windows\MSVC\putty\Debug\link.7740.write.1.tlog
C:\putty-0.63-dev\windows\MSVC\putty\Debug\link.8012-cvtres.read.1.tlog
C:\putty-0.63-dev\windows\MSVC\putty\Debug\link.8012-cvtres.write.1.tlog
C:\putty-0.63-dev\windows\MSVC\putty\Debug\link.8012-rc.read.1.tlog
C:\putty-0.63-dev\windows\MSVC\putty\Debug\link.8012-rc.write.1.tlog
C:\putty-0.63-dev\windows\MSVC\putty\Debug\link.8012.read.1.tlog
C:\putty-0.63-dev\windows\MSVC\putty\Debug\link.8012.write.1.tlog
C:\putty-0.63-dev\windows\MSVC\putty\Debug\link.8052-cvtres.read.1.tlog
C:\putty-0.63-dev\windows\MSVC\putty\Debug\link.8052-cvtres.write.1.tlog
C:\putty-0.63-dev\windows\MSVC\putty\Debug\link.8052-rc.read.1.tlog
C:\putty-0.63-dev\windows\MSVC\putty\Debug\link.8052-rc.write.1.tlog
C:\putty-0.63-dev\windows\MSVC\putty\Debug\link.8052.read.1.tlog
C:\putty-0.63-dev\windows\MSVC\putty\Debug\link.8052.write.1.tlog
C:\putty-0.63-dev\windows\MSVC\putty\Debug\link.command.1.tlog
C:\putty-0.63-dev\windows\MSVC\putty\Debug\link.read.1.tlog
C:\putty-0.63-dev\windows\MSVC\putty\Debug\link.write.1.tlog
C:\putty-0.63-dev\windows\MSVC\putty\Debug\rc.command.1.tlog
C:\putty-0.63-dev\windows\MSVC\putty\Debug\rc.read.1.tlog
C:\putty-0.63-dev\windows\MSVC\putty\Debug\rc.write.1.tlog
C:\putty-0.63-dev\windows\MSVC\putty\Debug\putty.res
C:\putty-0.63-dev\windows\MSVC\putty\Debug\vc110.idb
C:\putty-0.63-dev\windows\MSVC\putty\Debug\putty.pdb
C:\putty-0.63-dev\windows\MSVC\putty\Debug\vc110.pdb
