  ssh.c
..\..\..\ssh.c(300): warning C4996: 'stricmp': The POSIX name for this item is deprecated. Instead, use the ISO C++ conformant name: _stricmp. See online help for details.
          C:\Program Files\Microsoft Visual Studio 11.0\VC\include\string.h(249) : see declaration of 'stricmp'
..\..\..\ssh.c(305): warning C4996: 'stricmp': The POSIX name for this item is deprecated. Instead, use the ISO C++ conformant name: _stricmp. See online help for details.
          C:\Program Files\Microsoft Visual Studio 11.0\VC\include\string.h(249) : see declaration of 'stricmp'
..\..\..\ssh.c(2729): warning C4996: 'strcpy': This function or variable may be unsafe. Consider using strcpy_s instead. To disable deprecation, use _CRT_SECURE_NO_WARNINGS. See online help for details.
          C:\Program Files\Microsoft Visual Studio 11.0\VC\include\string.h(110) : see declaration of 'strcpy'
..\..\..\ssh.c(3364): warning C4996: 'strcpy': This function or variable may be unsafe. Consider using strcpy_s instead. To disable deprecation, use _CRT_SECURE_NO_WARNINGS. See online help for details.
          C:\Program Files\Microsoft Visual Studio 11.0\VC\include\string.h(110) : see declaration of 'strcpy'
..\..\..\ssh.c(4224): warning C4996: 'strcpy': This function or variable may be unsafe. Consider using strcpy_s instead. To disable deprecation, use _CRT_SECURE_NO_WARNINGS. See online help for details.
          C:\Program Files\Microsoft Visual Studio 11.0\VC\include\string.h(110) : see declaration of 'strcpy'
..\..\..\ssh.c(4737): warning C4996: 'strncpy': This function or variable may be unsafe. Consider using strncpy_s instead. To disable deprecation, use _CRT_SECURE_NO_WARNINGS. See online help for details.
          C:\Program Files\Microsoft Visual Studio 11.0\VC\include\string.h(191) : see declaration of 'strncpy'
..\..\..\ssh.c(5244): warning C4996: 'sscanf': This function or variable may be unsafe. Consider using sscanf_s instead. To disable deprecation, use _CRT_SECURE_NO_WARNINGS. See online help for details.
          C:\Program Files\Microsoft Visual Studio 11.0\VC\include\stdio.h(311) : see declaration of 'sscanf'
..\..\..\ssh.c(7651): warning C4996: 'sscanf': This function or variable may be unsafe. Consider using sscanf_s instead. To disable deprecation, use _CRT_SECURE_NO_WARNINGS. See online help for details.
          C:\Program Files\Microsoft Visual Studio 11.0\VC\include\stdio.h(311) : see declaration of 'sscanf'
..\..\..\ssh.c(7794): warning C4996: 'sprintf': This function or variable may be unsafe. Consider using sprintf_s instead. To disable deprecation, use _CRT_SECURE_NO_WARNINGS. See online help for details.
          C:\Program Files\Microsoft Visual Studio 11.0\VC\include\stdio.h(357) : see declaration of 'sprintf'
..\..\..\ssh.c(7829): warning C4101: 'j' : unreferenced local variable
..\..\..\ssh.c(7865): warning C4996: 'sprintf': This function or variable may be unsafe. Consider using sprintf_s instead. To disable deprecation, use _CRT_SECURE_NO_WARNINGS. See online help for details.
          C:\Program Files\Microsoft Visual Studio 11.0\VC\include\stdio.h(357) : see declaration of 'sprintf'
..\..\..\ssh.c(9434): warning C4101: 'c' : unreferenced local variable
..\..\..\ssh.c(10003): warning C4018: '>' : signed/unsigned mismatch
  pscp.vcxproj -> C:\putty-0.63-dev\windows\MSVC\pscp\.\Debug\pscp.exe
